<?xml version="1.0" encoding="UTF-8"?>
<!-- Generated by org.testng.reporters.JUnitXMLReporter -->
<testsuite hostname="DESKTOP-VP6DSVL" ignored="0" name="Default test" tests="3" failures="0" timestamp="2021-06-12T17:50:36 IST" time="0.271" errors="0">
  <testcase name="login" time="0.016" classname="org.testng.DataProviderTest"/>
  <testcase name="login" time="0.005" classname="org.testng.DataProviderTest"/>
  <testcase name="login" time="0.029" classname="org.testng.DataProviderTest"/>
</testsuite> <!-- Default test -->
