<?xml version="1.0" encoding="UTF-8"?>
<testng-results skipped="0" failed="0" ignored="0" total="3" passed="3">
  <reporter-output>
  </reporter-output>
  <suite name="Default suite" duration-ms="271" started-at="2021-06-12T17:50:36 IST" finished-at="2021-06-12T17:50:36 IST">
    <groups>
    </groups>
    <test name="Default test" duration-ms="271" started-at="2021-06-12T17:50:36 IST" finished-at="2021-06-12T17:50:36 IST">
      <class name="org.testng.DataProviderTest">
        <test-method status="PASS" signature="login(java.lang.String,java.lang.String)[pri:0, instance:org.testng.DataProviderTest@4b1c1ea0]" name="login" duration-ms="16" started-at="2021-06-12T17:50:36 IST" data-provider="MY DATA" finished-at="2021-06-12T17:50:36 IST">
          <params>
            <param index="0">
              <value>
                <![CDATA[name]]>
              </value>
            </param>
            <param index="1">
              <value>
                <![CDATA[pass]]>
              </value>
            </param>
          </params>
          <reporter-output>
          </reporter-output>
        </test-method> <!-- login -->
        <test-method status="PASS" signature="login(java.lang.String,java.lang.String)[pri:0, instance:org.testng.DataProviderTest@4b1c1ea0]" name="login" duration-ms="5" started-at="2021-06-12T17:50:36 IST" data-provider="MY DATA" finished-at="2021-06-12T17:50:36 IST">
          <params>
            <param index="0">
              <value>
                <![CDATA[abc]]>
              </value>
            </param>
            <param index="1">
              <value>
                <![CDATA[123]]>
              </value>
            </param>
          </params>
          <reporter-output>
          </reporter-output>
        </test-method> <!-- login -->
        <test-method status="PASS" signature="login(java.lang.String,java.lang.String)[pri:0, instance:org.testng.DataProviderTest@4b1c1ea0]" name="login" duration-ms="29" started-at="2021-06-12T17:50:36 IST" data-provider="MY DATA" finished-at="2021-06-12T17:50:36 IST">
          <params>
            <param index="0">
              <value>
                <![CDATA[def]]>
              </value>
            </param>
            <param index="1">
              <value>
                <![CDATA[456]]>
              </value>
            </param>
          </params>
          <reporter-output>
          </reporter-output>
        </test-method> <!-- login -->
      </class> <!-- org.testng.DataProviderTest -->
    </test> <!-- Default test -->
  </suite> <!-- Default suite -->
</testng-results>
